2026-04-02 14:55:24.766 [Test worker] INFO  collection.CollectionManager - [COMMANDS] {ADD} Создан элемент acc69bbc-9412-448d-acf0-481379ca6cc4
2026-04-02 14:55:24.772 [Test worker] INFO  collection.CollectionManager - [COMMANDS] {SIZE} Получен размер коллекции
2026-04-02 14:55:24.775 [Test worker] INFO  collection.CollectionManager - [COMMANDS] {ADD} Создан элемент 184fdd8f-ffc7-45b1-8582-981e6aa8fa76
2026-04-02 14:55:24.776 [Test worker] INFO  collection.CollectionManager - [COMMANDS] {GET_BY_ID} поиск элемента по id: 184fdd8f-ffc7-45b1-8582-981e6aa8fa76
2026-04-02 14:55:24.776 [Test worker] INFO  collection.CollectionManager - [COMMANDS] {REMOVE_BY_ID} Удалён элемент 184fdd8f-ffc7-45b1-8582-981e6aa8fa76 от 2026-04-02
2026-04-02 14:55:24.776 [Test worker] INFO  collection.CollectionManager - [COMMANDS] {SIZE} Получен размер коллекции
2026-04-02 14:55:24.776 [Test worker] INFO  collection.CollectionManager - [COMMANDS] {GET_BY_ID} поиск элемента по id: 184fdd8f-ffc7-45b1-8582-981e6aa8fa76
2026-04-02 14:55:25.015 [Test worker] DEBUG i.m.i.i.AbstractMockFactory - Creating mockk for Command name=#1
2026-04-02 14:55:25.278 [Test worker] DEBUG i.m.i.i.AbstractMockFactory - Creating mockk for Unit name=child of #1#2
2026-04-02 14:55:25.278 [Test worker] DEBUG i.m.i.r.states.AnsweringState - Answering cmd1 on Command(#1).getName()
2026-04-02 14:55:25.278 [Test worker] DEBUG i.m.i.i.AbstractMockFactory - Creating mockk for Command name=#3
2026-04-02 14:55:25.279 [Test worker] DEBUG i.m.i.i.AbstractMockFactory - Creating mockk for Unit name=child of #3#4
2026-04-02 14:55:25.279 [Test worker] DEBUG i.m.i.r.states.AnsweringState - Answering cmd2 on Command(#3).getName()
2026-04-02 14:55:25.279 [Test worker] DEBUG i.m.i.i.AbstractMockFactory - Creating mockk for Command name=#5
2026-04-02 14:55:25.280 [Test worker] DEBUG i.m.i.i.AbstractMockFactory - Creating mockk for Unit name=child of #5#6
2026-04-02 14:55:25.280 [Test worker] DEBUG i.m.i.r.states.AnsweringState - Answering cmd3 on Command(#5).getName()
2026-04-02 14:55:25.280 [Test worker] DEBUG i.m.i.i.AbstractMockFactory - Creating mockk for Command name=#7
2026-04-02 14:55:25.281 [Test worker] DEBUG i.m.i.i.AbstractMockFactory - Creating mockk for Unit name=child of #7#8
2026-04-02 14:55:25.281 [Test worker] DEBUG i.m.i.r.states.AnsweringState - Answering cmd4 on Command(#7).getName()
2026-04-02 14:55:25.281 [Test worker] DEBUG i.m.i.i.AbstractMockFactory - Creating mockk for Command name=#9
2026-04-02 14:55:25.281 [Test worker] DEBUG i.m.i.i.AbstractMockFactory - Creating mockk for Unit name=child of #9#10
2026-04-02 14:55:25.281 [Test worker] DEBUG i.m.i.r.states.AnsweringState - Answering cmd5 on Command(#9).getName()
2026-04-02 14:55:25.281 [Test worker] DEBUG i.m.i.i.AbstractMockFactory - Creating mockk for Command name=#11
2026-04-02 14:55:25.282 [Test worker] DEBUG i.m.i.i.AbstractMockFactory - Creating mockk for Unit name=child of #11#12
2026-04-02 14:55:25.282 [Test worker] DEBUG i.m.i.r.states.AnsweringState - Answering cmd6 on Command(#11).getName()
2026-04-02 14:55:25.282 [Test worker] DEBUG i.m.i.i.AbstractMockFactory - Creating mockk for Command name=#13
2026-04-02 14:55:25.283 [Test worker] DEBUG i.m.i.i.AbstractMockFactory - Creating mockk for Unit name=child of #13#14
2026-04-02 14:55:25.283 [Test worker] DEBUG i.m.i.r.states.AnsweringState - Answering cmd7 on Command(#13).getName()
2026-04-02 14:55:25.283 [Test worker] DEBUG i.m.i.i.AbstractMockFactory - Creating mockk for Command name=#15
2026-04-02 14:55:25.283 [Test worker] DEBUG i.m.i.i.AbstractMockFactory - Creating mockk for Unit name=child of #15#16
2026-04-02 14:55:25.283 [Test worker] DEBUG i.m.i.r.states.AnsweringState - Answering cmd8 on Command(#15).getName()
2026-04-02 14:55:25.283 [Test worker] DEBUG i.m.i.i.AbstractMockFactory - Creating mockk for Command name=#17
2026-04-02 14:55:25.284 [Test worker] DEBUG i.m.i.i.AbstractMockFactory - Creating mockk for Unit name=child of #17#18
2026-04-02 14:55:25.284 [Test worker] DEBUG i.m.i.r.states.AnsweringState - Answering cmd9 on Command(#17).getName()
2026-04-02 14:55:25.284 [Test worker] DEBUG i.m.i.i.AbstractMockFactory - Creating mockk for Command name=#19
2026-04-02 14:55:25.284 [Test worker] DEBUG i.m.i.i.AbstractMockFactory - Creating mockk for Unit name=child of #19#20
2026-04-02 14:55:25.284 [Test worker] DEBUG i.m.i.r.states.AnsweringState - Answering cmd10 on Command(#19).getName()
2026-04-02 14:55:25.285 [Test worker] DEBUG i.m.i.i.AbstractMockFactory - Creating mockk for Command name=#21
2026-04-02 14:55:25.285 [Test worker] DEBUG i.m.i.i.AbstractMockFactory - Creating mockk for Unit name=child of #21#22
2026-04-02 14:55:25.285 [Test worker] DEBUG i.m.i.r.states.AnsweringState - Answering cmd11 on Command(#21).getName()
2026-04-02 14:55:25.285 [Test worker] DEBUG i.m.i.i.AbstractMockFactory - Creating mockk for Command name=#23
2026-04-02 14:55:25.286 [Test worker] DEBUG i.m.i.i.AbstractMockFactory - Creating mockk for Unit name=child of #23#24
2026-04-02 14:55:25.286 [Test worker] DEBUG i.m.i.r.states.AnsweringState - Answering cmd12 on Command(#23).getName()
2026-04-02 14:55:25.286 [Test worker] DEBUG i.m.i.i.AbstractMockFactory - Creating mockk for Command name=#25
2026-04-02 14:55:25.286 [Test worker] DEBUG i.m.i.i.AbstractMockFactory - Creating mockk for Unit name=child of #25#26
2026-04-02 14:55:25.286 [Test worker] DEBUG i.m.i.r.states.AnsweringState - Answering cmd13 on Command(#25).getName()
2026-04-02 14:55:25.286 [Test worker] DEBUG i.m.i.i.AbstractMockFactory - Creating mockk for Command name=#27
2026-04-02 14:55:25.287 [Test worker] DEBUG i.m.i.i.AbstractMockFactory - Creating mockk for Unit name=child of #27#28
2026-04-02 14:55:25.287 [Test worker] DEBUG i.m.i.r.states.AnsweringState - Answering cmd14 on Command(#27).getName()
2026-04-02 14:55:25.287 [Test worker] DEBUG i.m.i.i.AbstractMockFactory - Creating mockk for Command name=#29
2026-04-02 14:55:25.287 [Test worker] DEBUG i.m.i.i.AbstractMockFactory - Creating mockk for Unit name=child of #29#30
2026-04-02 14:55:25.287 [Test worker] DEBUG i.m.i.r.states.AnsweringState - Answering cmd15 on Command(#29).getName()
2026-04-02 14:55:25.288 [Test worker] DEBUG i.m.i.r.states.AnsweringState - Answering kotlin.Unit on Command(#1).execute([])
2026-04-02 14:55:25.288 [Test worker] DEBUG i.m.i.r.states.AnsweringState - Answering kotlin.Unit on Command(#3).execute([])
2026-04-02 14:55:25.288 [Test worker] DEBUG i.m.i.r.states.AnsweringState - Answering kotlin.Unit on Command(#5).execute([])
2026-04-02 14:55:25.288 [Test worker] DEBUG i.m.i.r.states.AnsweringState - Answering kotlin.Unit on Command(#7).execute([])
2026-04-02 14:55:25.288 [Test worker] DEBUG i.m.i.r.states.AnsweringState - Answering kotlin.Unit on Command(#9).execute([])
2026-04-02 14:55:25.288 [Test worker] DEBUG i.m.i.r.states.AnsweringState - Answering kotlin.Unit on Command(#11).execute([])
2026-04-02 14:55:25.288 [Test worker] DEBUG i.m.i.r.states.AnsweringState - Answering kotlin.Unit on Command(#13).execute([])
2026-04-02 14:55:25.288 [Test worker] DEBUG i.m.i.r.states.AnsweringState - Answering kotlin.Unit on Command(#15).execute([])
2026-04-02 14:55:25.288 [Test worker] DEBUG i.m.i.r.states.AnsweringState - Answering kotlin.Unit on Command(#17).execute([])
2026-04-02 14:55:25.288 [Test worker] DEBUG i.m.i.r.states.AnsweringState - Answering kotlin.Unit on Command(#19).execute([])
2026-04-02 14:55:25.288 [Test worker] DEBUG i.m.i.r.states.AnsweringState - Answering kotlin.Unit on Command(#21).execute([])
2026-04-02 14:55:25.288 [Test worker] DEBUG i.m.i.r.states.AnsweringState - Answering kotlin.Unit on Command(#23).execute([])
2026-04-02 14:55:25.289 [Test worker] DEBUG i.m.i.r.states.AnsweringState - Answering kotlin.Unit on Command(#25).execute([])
2026-04-02 14:55:25.289 [Test worker] DEBUG i.m.i.r.states.AnsweringState - Answering kotlin.Unit on Command(#27).execute([])
2026-04-02 14:55:25.289 [Test worker] DEBUG i.m.i.r.states.AnsweringState - Answering kotlin.Unit on Command(#29).execute([])
2026-04-02 14:55:25.295 [Test worker] INFO  collection.CollectionManager - [COMMANDS] {ADD} Создан элемент 40605f08-74af-4b2a-8260-2b6ee4f016ce
2026-04-02 14:55:25.295 [Test worker] INFO  collection.CollectionManager - [COMMANDS] {ADD} Создан элемент 89c57517-4717-44a4-b348-35724271d923
2026-04-02 14:55:25.295 [Test worker] INFO  collection.CollectionManager - [COMMANDS] {ADD} Создан элемент ce5b4e3a-b45b-447e-a3b9-6a519a2a9872
2026-04-02 14:55:25.295 [Test worker] INFO  collection.CollectionManager - [COMMANDS] {MIN_BY_NAME} Получение минимального элемента коллекции по имени
2026-04-02 14:55:25.296 [Test worker] INFO  collection.CollectionManager - [COMMANDS] {ADD} Создан элемент 991a2d1f-4d08-43ed-b57c-ee8e07dbe78d
2026-04-02 14:55:25.296 [Test worker] INFO  collection.CollectionManager - [COMMANDS] {ADD} Создан элемент 954d79be-82b6-45f7-bd08-f6a043d330f8
2026-04-02 14:55:25.297 [Test worker] INFO  collection.CollectionManager - [COMMANDS] {ADD} Создан элемент 7434245c-dbc8-4183-b8f2-eaaf2323c6f0
2026-04-02 14:55:25.297 [Test worker] INFO  collection.CollectionManager - [COMMANDS] {GET_MIN_WAIT_DESC} Получение списка элементов коллекции по времени ожидания
2026-04-02 14:55:25.298 [Test worker] INFO  collection.CollectionManager - [COMMANDS] {ADD} Создан элемент 1627b121-f7af-4997-a2c3-b106c3ad81c5
2026-04-02 14:55:25.298 [Test worker] INFO  collection.CollectionManager - [COMMANDS] {ADD} Создан элемент 6cfb9839-fd46-4cdb-bb5f-8694e7ceab05
2026-04-02 14:55:25.299 [Test worker] INFO  collection.CollectionManager - [COMMANDS] {ADD} Создан элемент 87bba201-338d-4023-a83f-9dac129bfc9a
2026-04-02 14:55:25.299 [Test worker] INFO  collection.CollectionManager - [COMMANDS] {SUM_MIN_WAIT} Получение минимального элемента коллекции по времени ожидания
2026-04-02 14:55:27.870 [main] INFO  collection.CollectionManager - [COMMANDS] {LOAD_FROM_FILE} Загрузка коллекции из файла
2026-04-02 14:55:54.406 [main] INFO  collection.CollectionManager - [COMMANDS] {GET_INFO} Получение информации о коллекции
